[0.020123320321242016, 0.02623318384091059, 0.032567265133062996]
[0.055960389475027725, 0.06520927200714746, 0.08566890905300775]
[0.07873691866795222, 0.08759342382351556, 0.12514947603146234]
[0.09480568021535873, 0.09951419383287428, 0.15455903857946396]
[0.11208893607060115, 0.10597907255093256, 0.17599027107159296]
[0.12838189552227658, 0.10713751862446466, 0.18892003844181696]
[0.1497010166446368, 0.10485799858967462, 0.19644992301861444]
[0.17365470280249914, 0.10022422422965367, 0.20078477015097934]
[0.201718973616759, 0.0946562166015307, 0.20261584470669428]
[0.23137143005927405, 0.08770555009444554, 0.20009344567855197]
[0.26453658690055215, 0.08023169388373692, 0.19368460526069003]
[0.30364348242680234, 0.07169284174839655, 0.18452917287747064]
[0.3470291172464689, 0.062331852813561746, 0.1748318647344907]
[0.38910684734582907, 0.05205530673265456, 0.16264948993921277]
[0.4332211886843046, 0.04387145986159641, 0.1503736947973569]
[0.4772421295444171, 0.033071773747603075, 0.13699554155270258]
[0.5211509341994922, 0.022608386973539965, 0.12171153972546259]
[0.5617525950074197, 0.013882674276828743, 0.10911811143159865]
[0.5967862283190093, 0.004073259731133757, 0.09600150336821872]
[0.6307361498475076, -0.004577718675136589, 0.08337069302797316]
[0.6629297211766244, -0.013583682477474235, 0.0730755105614662]
[0.6904521261652312, -0.021207007269064607, 0.06360241522391635]
[0.715732403099537, -0.029390864074230215, 0.055138297379016855]
[0.7383968109885852, -0.03604258348544441, 0.047869967917601244]
[0.7585761919617654, -0.04181613773107531, 0.04052693396806715]
[0.7764947290221851, -0.04721598078807197, 0.034398394326368945]
[0.7919842675328256, -0.05235426872968676, 0.0293161943554878]
[0.8047832424441974, -0.05726833393176399, 0.025355058411757128]
[0.8150597785909971, -0.06218239913384122, 0.022010502715905485]
[0.824869213004907, -0.06593799839417142, 0.019432035585244475]
[0.8327914749582609, -0.06950676689545315, 0.01720857371886569]
[0.8398729140559833, -0.07307551552851997, 0.01571379850308098]
[0.8463938509424528, -0.07613978038231534, 0.014050868650277432]
[0.852634516855081, -0.07926008353630704, 0.012724248071511563]
[0.8580343400438627, -0.08254859099785489, 0.011621860166390713]
[0.8625186458230019, -0.0854073390364647, 0.010893173515796637]
[0.8669095213214556, -0.08768684913714728, 0.010351317624251023]
[0.8704596037666003, -0.08946187545855841, 0.009585248927275315]
[0.873187539478143, -0.09127429376045863, 0.008893904586633021]
[0.8754296874006589, -0.09289983163277309, 0.008389410873254115]
[0.8771860276659329, -0.09360984216133754, 0.008239952226479823]
[0.8784565801421801, -0.09463749577601752, 0.007884937028090134]
[0.8795215959350268, -0.0957025115688642, 0.0077728206912676245]
[0.8806800519426663, -0.0965059424440066, 0.008090433975060755]
[0.8816703433791796, -0.09719727685054144, 0.008127825955549851]
[0.8824738040566444, -0.09785123914480211, 0.008202560245990729]
[0.8829409256577492, -0.09861730784177782, 0.008277274668216681]
[0.8836883281668028, -0.09921521196762723, 0.008352008958657559]
[0.884248860180378, -0.09983181208372117, 0.008408077061176276]
